<?xml version="1.0" encoding="UTF-8"?>
<testng-results ignored="0" total="4" passed="4" failed="0" skipped="0">
  <reporter-output>
  </reporter-output>
  <suite started-at="2024-08-27T17:49:02 IST" name="PetSuite" finished-at="2024-08-27T17:49:12 IST" duration-ms="9883">
    <groups>
    </groups>
    <test started-at="2024-08-27T17:49:02 IST" name="PetTests" finished-at="2024-08-27T17:49:12 IST" duration-ms="9883">
      <class name="api.test.UserTests">
        <test-method is-config="true" signature="setupData()[pri:0, instance:api.test.UserTests@428640fa]" started-at="2024-08-27T17:49:03 IST" name="setupData" finished-at="2024-08-27T17:49:04 IST" duration-ms="906" status="PASS">
          <reporter-output>
          </reporter-output>
        </test-method> <!-- setupData -->
        <test-method signature="testPostUser()[pri:1, instance:api.test.UserTests@428640fa]" started-at="2024-08-27T17:49:04 IST" name="testPostUser" finished-at="2024-08-27T17:49:07 IST" duration-ms="3428" status="PASS">
          <reporter-output>
          </reporter-output>
        </test-method> <!-- testPostUser -->
        <test-method signature="testGetUserByName()[pri:2, instance:api.test.UserTests@428640fa]" started-at="2024-08-27T17:49:07 IST" name="testGetUserByName" finished-at="2024-08-27T17:49:08 IST" duration-ms="1287" status="PASS">
          <reporter-output>
          </reporter-output>
        </test-method> <!-- testGetUserByName -->
        <test-method signature="testUpdateUser()[pri:3, instance:api.test.UserTests@428640fa]" started-at="2024-08-27T17:49:08 IST" name="testUpdateUser" finished-at="2024-08-27T17:49:11 IST" duration-ms="2644" status="PASS">
          <reporter-output>
          </reporter-output>
        </test-method> <!-- testUpdateUser -->
        <test-method signature="testDeleteUserByName()[pri:4, instance:api.test.UserTests@428640fa]" started-at="2024-08-27T17:49:11 IST" name="testDeleteUserByName" finished-at="2024-08-27T17:49:12 IST" duration-ms="1214" status="PASS">
          <reporter-output>
          </reporter-output>
        </test-method> <!-- testDeleteUserByName -->
      </class> <!-- api.test.UserTests -->
    </test> <!-- PetTests -->
  </suite> <!-- PetSuite -->
</testng-results>
