<?xml version="1.0" encoding="UTF-8"?>
<!-- Generated by org.testng.reporters.JUnitXMLReporter -->
<testsuite ignored="0" hostname="LTIN305602" failures="0" tests="4" name="PetTests" time="9.883" errors="0" timestamp="2024-08-27T17:49:13 IST">
  <testcase classname="api.test.UserTests" name="testPostUser" time="3.428"/>
  <testcase classname="api.test.UserTests" name="testGetUserByName" time="1.287"/>
  <testcase classname="api.test.UserTests" name="testUpdateUser" time="2.644"/>
  <testcase classname="api.test.UserTests" name="testDeleteUserByName" time="1.214"/>
</testsuite> <!-- PetTests -->
