<?xml version="1.0" encoding="UTF-8"?>
<!-- Generated by org.testng.reporters.JUnitXMLReporter -->
<testsuite ignored="0" hostname="LTIN305602" failures="0" tests="6" name="Default test" time="10.471" errors="0" timestamp="2024-08-27T15:36:38 IST">
  <testcase classname="api.test.DDTests" name="testPostUser" time="3.048"/>
  <testcase classname="api.test.DDTests" name="testPostUser" time="1.2"/>
  <testcase classname="api.test.DDTests" name="testPostUser" time="1.182"/>
  <testcase classname="api.test.DDTests" name="testDeleteUserByName" time="1.206"/>
  <testcase classname="api.test.DDTests" name="testDeleteUserByName" time="1.222"/>
  <testcase classname="api.test.DDTests" name="testDeleteUserByName" time="1.188"/>
</testsuite> <!-- Default test -->
